2011-05-18 16:06:20 Debug: Notice (8): Undefined property: PagesController::$Auth in [D:\xampp\htdocs\gps2\app\controllers\pages_controller.php, line 38]
2011-05-18 16:08:22 Debug: Notice (8): Undefined property: PagesController::$Auth in [D:\xampp\htdocs\gps2\app\controllers\pages_controller.php, line 38]
2011-05-18 16:47:13 Debug: Notice (8): Undefined variable: slug in [D:\xampp\htdocs\gps2\app\controllers\pages_controller.php, line 50]
2011-05-18 16:48:41 Debug: Notice (8): Undefined property: PagesController::$Auth in [D:\xampp\htdocs\gps2\app\controllers\pages_controller.php, line 38]
2011-05-18 16:48:43 Debug: Notice (8): Undefined property: PagesController::$Auth in [D:\xampp\htdocs\gps2\app\controllers\pages_controller.php, line 38]
2011-05-18 16:51:22 Debug: Notice (8): Undefined variable: slug in [D:\xampp\htdocs\gps2\app\controllers\pages_controller.php, line 50]
2011-06-14 19:04:49 Debug: Notice (8): Undefined index: Page in [F:\xampp\htdocs\gps\cake\libs\model\behaviors\translate.php, line 268]
2011-06-14 19:04:49 Debug: Notice (8): Undefined index: Page in [F:\xampp\htdocs\gps\cake\libs\model\behaviors\translate.php, line 268]
2011-06-14 19:05:04 Debug: Notice (8): Undefined index: Page in [F:\xampp\htdocs\gps\cake\libs\model\behaviors\translate.php, line 268]
2011-06-14 19:05:04 Debug: Notice (8): Undefined index: Page in [F:\xampp\htdocs\gps\cake\libs\model\behaviors\translate.php, line 268]
2011-06-14 19:05:08 Debug: Notice (8): Undefined index: Page in [F:\xampp\htdocs\gps\cake\libs\model\behaviors\translate.php, line 268]
2011-06-14 19:05:08 Debug: Notice (8): Undefined index: Page in [F:\xampp\htdocs\gps\cake\libs\model\behaviors\translate.php, line 268]
2011-06-14 19:08:55 Debug: Notice (8): Undefined index: Page in [F:\xampp\htdocs\gps\cake\libs\model\behaviors\translate.php, line 268]
2011-06-14 19:08:55 Debug: Notice (8): Undefined index: Page in [F:\xampp\htdocs\gps\cake\libs\model\behaviors\translate.php, line 268]
2011-06-14 19:09:43 Debug: Notice (1024): Please change the value of 'Security.salt' in app/config/core.php to a salt value specific to your application in [F:\xampp\htdocs\gps\cake\libs\debugger.php, line 684]
2011-06-14 19:09:43 Debug: Notice (1024): Please change the value of 'Security.cipherSeed' in app/config/core.php to a numeric (digits only) seed value specific to your application in [F:\xampp\htdocs\gps\cake\libs\debugger.php, line 688]
2011-06-14 19:09:44 Debug: Notice (1024): Please change the value of 'Security.salt' in app/config/core.php to a salt value specific to your application in [F:\xampp\htdocs\gps\cake\libs\debugger.php, line 684]
2011-06-14 19:09:44 Debug: Notice (1024): Please change the value of 'Security.cipherSeed' in app/config/core.php to a numeric (digits only) seed value specific to your application in [F:\xampp\htdocs\gps\cake\libs\debugger.php, line 688]
2011-06-14 19:09:44 Debug: Notice (1024): Please change the value of 'Security.salt' in app/config/core.php to a salt value specific to your application in [F:\xampp\htdocs\gps\cake\libs\debugger.php, line 684]
2011-06-14 19:09:44 Debug: Notice (1024): Please change the value of 'Security.cipherSeed' in app/config/core.php to a numeric (digits only) seed value specific to your application in [F:\xampp\htdocs\gps\cake\libs\debugger.php, line 688]
2011-06-14 19:18:38 Debug: Notice (8): Undefined variable: page in [F:\xampp\htdocs\gps\app\views\pages\view.ctp, line 4]
2011-06-14 19:23:30 Debug: Notice (8): AppController::beforeFilter() [<a href='http://php.net/appcontroller.beforefilter'>appcontroller.beforefilter</a>]: The script tried to execute a method or access a property of an incomplete object. Please ensure that the class definition &quot;Page&quot; of the object you are trying to operate on was loaded _before_ unserialize() gets called or provide a __autoload() function to load the class definition  in [F:\xampp\htdocs\gps\app\app_controller.php, line 19]
2011-06-14 19:23:34 Debug: Notice (8): AppController::beforeFilter() [<a href='http://php.net/appcontroller.beforefilter'>appcontroller.beforefilter</a>]: The script tried to execute a method or access a property of an incomplete object. Please ensure that the class definition &quot;Page&quot; of the object you are trying to operate on was loaded _before_ unserialize() gets called or provide a __autoload() function to load the class definition  in [F:\xampp\htdocs\gps\app\app_controller.php, line 19]
2011-06-15 22:00:19 Debug: Notice (8): AppController::beforeFilter() [<a href='http://php.net/appcontroller.beforefilter'>appcontroller.beforefilter</a>]: The script tried to execute a method or access a property of an incomplete object. Please ensure that the class definition &quot;Page&quot; of the object you are trying to operate on was loaded _before_ unserialize() gets called or provide a __autoload() function to load the class definition  in [F:\xampp\htdocs\gps\app\app_controller.php, line 17]
2011-06-15 22:00:21 Debug: Notice (8): AppController::beforeFilter() [<a href='http://php.net/appcontroller.beforefilter'>appcontroller.beforefilter</a>]: The script tried to execute a method or access a property of an incomplete object. Please ensure that the class definition &quot;Page&quot; of the object you are trying to operate on was loaded _before_ unserialize() gets called or provide a __autoload() function to load the class definition  in [F:\xampp\htdocs\gps\app\app_controller.php, line 17]
2011-06-15 22:00:22 Debug: Notice (8): AppController::beforeFilter() [<a href='http://php.net/appcontroller.beforefilter'>appcontroller.beforefilter</a>]: The script tried to execute a method or access a property of an incomplete object. Please ensure that the class definition &quot;Page&quot; of the object you are trying to operate on was loaded _before_ unserialize() gets called or provide a __autoload() function to load the class definition  in [F:\xampp\htdocs\gps\app\app_controller.php, line 17]
2011-06-15 22:02:02 Debug: Notice (8): Undefined variable: page in [F:\xampp\htdocs\gps\app\views\pages\view.ctp, line 4]
2011-06-16 01:15:22 Debug: Notice (8): Undefined property: Page::$location in [F:\xampp\htdocs\gps\app\controllers\pages_controller.php, line 27]
2011-06-16 01:58:21 Debug: Notice (8): Undefined property: PagesController::$Post in [F:\xampp\htdocs\gps\app\controllers\pages_controller.php, line 46]
2011-06-16 01:58:22 Debug: Notice (8): Undefined property: PagesController::$Post in [F:\xampp\htdocs\gps\app\controllers\pages_controller.php, line 46]
2011-06-16 01:58:23 Debug: Notice (8): Undefined property: PagesController::$Post in [F:\xampp\htdocs\gps\app\controllers\pages_controller.php, line 46]
2011-06-16 17:39:51 Debug: Notice (8): Undefined offset: 0 in [F:\xampp\htdocs\gps\cake\libs\model\model.php, line 2220]
2011-06-16 17:39:51 Debug: Notice (8): Undefined offset: 0 in [F:\xampp\htdocs\gps\cake\libs\model\model.php, line 2221]
2011-06-16 17:39:51 Debug: Notice (8): Undefined index: conozcanos in [F:\xampp\htdocs\gps\app\views\elements\main-nav.ctp, line 22]
2011-06-16 17:39:51 Debug: Notice (8): Undefined index: ventajas in [F:\xampp\htdocs\gps\app\views\elements\main-nav.ctp, line 32]
2011-06-16 17:39:51 Debug: Notice (8): Undefined index: portafolio in [F:\xampp\htdocs\gps\app\views\elements\main-nav.ctp, line 42]
2011-06-16 17:39:51 Debug: Notice (8): Undefined index: conozcanos in [F:\xampp\htdocs\gps\app\views\elements\main-nav.ctp, line 52]
2011-06-16 17:39:53 Debug: Notice (8): Undefined offset: 0 in [F:\xampp\htdocs\gps\cake\libs\model\model.php, line 2220]
2011-06-16 17:39:53 Debug: Notice (8): Undefined offset: 0 in [F:\xampp\htdocs\gps\cake\libs\model\model.php, line 2221]
2011-06-16 17:39:53 Debug: Notice (8): Undefined index: conozcanos in [F:\xampp\htdocs\gps\app\views\elements\main-nav.ctp, line 22]
2011-06-16 17:39:53 Debug: Notice (8): Undefined index: ventajas in [F:\xampp\htdocs\gps\app\views\elements\main-nav.ctp, line 32]
2011-06-16 17:39:53 Debug: Notice (8): Undefined index: portafolio in [F:\xampp\htdocs\gps\app\views\elements\main-nav.ctp, line 42]
2011-06-16 17:39:53 Debug: Notice (8): Undefined index: conozcanos in [F:\xampp\htdocs\gps\app\views\elements\main-nav.ctp, line 52]
2011-06-16 17:39:53 Debug: Notice (8): Undefined index: conozcanos in [F:\xampp\htdocs\gps\app\views\elements\main-nav.ctp, line 22]
2011-06-16 17:39:53 Debug: Notice (8): Undefined index: ventajas in [F:\xampp\htdocs\gps\app\views\elements\main-nav.ctp, line 32]
2011-06-16 17:39:53 Debug: Notice (8): Undefined index: portafolio in [F:\xampp\htdocs\gps\app\views\elements\main-nav.ctp, line 42]
2011-06-16 17:39:53 Debug: Notice (8): Undefined index: conozcanos in [F:\xampp\htdocs\gps\app\views\elements\main-nav.ctp, line 52]
2011-06-16 17:45:49 Debug: Notice (8): Undefined variable: menu in [F:\xampp\htdocs\gps\app\views\elements\main-nav.ctp, line 22]
2011-06-16 17:45:49 Debug: Notice (8): Undefined variable: menu in [F:\xampp\htdocs\gps\app\views\elements\main-nav.ctp, line 32]
2011-06-16 17:45:49 Debug: Notice (8): Undefined variable: menu in [F:\xampp\htdocs\gps\app\views\elements\main-nav.ctp, line 42]
2011-06-16 17:45:49 Debug: Notice (8): Undefined variable: menu in [F:\xampp\htdocs\gps\app\views\elements\main-nav.ctp, line 52]
2011-06-16 17:45:49 Debug: Notice (8): Undefined variable: menu in [F:\xampp\htdocs\gps\app\views\elements\main-nav.ctp, line 22]
2011-06-16 17:45:49 Debug: Notice (8): Undefined variable: menu in [F:\xampp\htdocs\gps\app\views\elements\main-nav.ctp, line 32]
2011-06-16 17:45:49 Debug: Notice (8): Undefined variable: menu in [F:\xampp\htdocs\gps\app\views\elements\main-nav.ctp, line 42]
2011-06-16 17:45:49 Debug: Notice (8): Undefined variable: menu in [F:\xampp\htdocs\gps\app\views\elements\main-nav.ctp, line 52]
2011-06-16 17:46:01 Debug: Notice (8): Undefined variable: menu in [F:\xampp\htdocs\gps\app\views\elements\main-nav.ctp, line 22]
2011-06-16 17:46:01 Debug: Notice (8): Undefined variable: menu in [F:\xampp\htdocs\gps\app\views\elements\main-nav.ctp, line 32]
2011-06-16 17:46:01 Debug: Notice (8): Undefined variable: menu in [F:\xampp\htdocs\gps\app\views\elements\main-nav.ctp, line 42]
2011-06-16 17:46:01 Debug: Notice (8): Undefined variable: menu in [F:\xampp\htdocs\gps\app\views\elements\main-nav.ctp, line 52]
2011-06-16 17:46:02 Debug: Notice (8): Undefined variable: menu in [F:\xampp\htdocs\gps\app\views\elements\main-nav.ctp, line 22]
2011-06-16 17:46:02 Debug: Notice (8): Undefined variable: menu in [F:\xampp\htdocs\gps\app\views\elements\main-nav.ctp, line 32]
2011-06-16 17:46:02 Debug: Notice (8): Undefined variable: menu in [F:\xampp\htdocs\gps\app\views\elements\main-nav.ctp, line 42]
2011-06-16 17:46:02 Debug: Notice (8): Undefined variable: menu in [F:\xampp\htdocs\gps\app\views\elements\main-nav.ctp, line 52]
2011-06-16 17:48:53 Debug: Notice (8): Undefined variable: menu in [F:\xampp\htdocs\gps\app\controllers\pages_controller.php, line 13]
2011-06-16 17:48:57 Debug: Notice (8): Undefined variable: menu in [F:\xampp\htdocs\gps\app\controllers\pages_controller.php, line 13]
2011-06-16 17:50:42 Debug: Notice (8): Undefined variable: menu in [F:\xampp\htdocs\gps\app\views\elements\footer.ctp, line 10]
2011-06-16 17:50:42 Debug: Notice (8): Undefined variable: menu in [F:\xampp\htdocs\gps\app\views\elements\footer.ctp, line 15]
2011-06-16 17:50:42 Debug: Notice (8): Undefined variable: menu in [F:\xampp\htdocs\gps\app\views\elements\footer.ctp, line 20]
2011-06-16 17:50:42 Debug: Notice (8): Undefined variable: menu in [F:\xampp\htdocs\gps\app\views\elements\footer.ctp, line 25]
2011-06-16 17:50:42 Debug: Notice (8): Undefined variable: menu in [F:\xampp\htdocs\gps\app\views\elements\footer.ctp, line 10]
2011-06-16 17:50:42 Debug: Notice (8): Undefined variable: menu in [F:\xampp\htdocs\gps\app\views\elements\footer.ctp, line 15]
2011-06-16 17:50:42 Debug: Notice (8): Undefined variable: menu in [F:\xampp\htdocs\gps\app\views\elements\footer.ctp, line 20]
2011-06-16 17:50:42 Debug: Notice (8): Undefined variable: menu in [F:\xampp\htdocs\gps\app\views\elements\footer.ctp, line 25]
2011-06-16 17:50:59 Debug: Notice (8): Undefined variable: menu in [F:\xampp\htdocs\gps\app\views\elements\main-nav.ctp, line 17]
2011-06-16 17:50:59 Debug: Notice (8): Undefined variable: menu in [F:\xampp\htdocs\gps\app\views\elements\main-nav.ctp, line 22]
2011-06-16 17:50:59 Debug: Notice (8): Undefined variable: menu in [F:\xampp\htdocs\gps\app\views\elements\main-nav.ctp, line 27]
2011-06-16 17:50:59 Debug: Notice (8): Undefined variable: menu in [F:\xampp\htdocs\gps\app\views\elements\main-nav.ctp, line 32]
2011-06-16 17:50:59 Debug: Notice (8): Undefined variable: menu in [F:\xampp\htdocs\gps\app\views\elements\footer.ctp, line 10]
2011-06-16 17:50:59 Debug: Notice (8): Undefined variable: menu in [F:\xampp\htdocs\gps\app\views\elements\footer.ctp, line 15]
2011-06-16 17:50:59 Debug: Notice (8): Undefined variable: menu in [F:\xampp\htdocs\gps\app\views\elements\footer.ctp, line 20]
2011-06-16 17:50:59 Debug: Notice (8): Undefined variable: menu in [F:\xampp\htdocs\gps\app\views\elements\footer.ctp, line 25]
2011-06-16 17:51:00 Debug: Notice (8): Undefined variable: menu in [F:\xampp\htdocs\gps\app\views\elements\main-nav.ctp, line 17]
2011-06-16 17:51:00 Debug: Notice (8): Undefined variable: menu in [F:\xampp\htdocs\gps\app\views\elements\main-nav.ctp, line 22]
2011-06-16 17:51:00 Debug: Notice (8): Undefined variable: menu in [F:\xampp\htdocs\gps\app\views\elements\main-nav.ctp, line 27]
2011-06-16 17:51:00 Debug: Notice (8): Undefined variable: menu in [F:\xampp\htdocs\gps\app\views\elements\main-nav.ctp, line 32]
2011-06-16 17:51:00 Debug: Notice (8): Undefined variable: menu in [F:\xampp\htdocs\gps\app\views\elements\footer.ctp, line 10]
2011-06-16 17:51:00 Debug: Notice (8): Undefined variable: menu in [F:\xampp\htdocs\gps\app\views\elements\footer.ctp, line 15]
2011-06-16 17:51:00 Debug: Notice (8): Undefined variable: menu in [F:\xampp\htdocs\gps\app\views\elements\footer.ctp, line 20]
2011-06-16 17:51:00 Debug: Notice (8): Undefined variable: menu in [F:\xampp\htdocs\gps\app\views\elements\footer.ctp, line 25]
2011-06-16 17:51:01 Debug: Notice (8): Undefined variable: menu in [F:\xampp\htdocs\gps\app\views\elements\main-nav.ctp, line 17]
2011-06-16 17:51:01 Debug: Notice (8): Undefined variable: menu in [F:\xampp\htdocs\gps\app\views\elements\main-nav.ctp, line 22]
2011-06-16 17:51:01 Debug: Notice (8): Undefined variable: menu in [F:\xampp\htdocs\gps\app\views\elements\main-nav.ctp, line 27]
2011-06-16 17:51:01 Debug: Notice (8): Undefined variable: menu in [F:\xampp\htdocs\gps\app\views\elements\main-nav.ctp, line 32]
2011-06-16 17:51:01 Debug: Notice (8): Undefined variable: menu in [F:\xampp\htdocs\gps\app\views\elements\footer.ctp, line 10]
2011-06-16 17:51:01 Debug: Notice (8): Undefined variable: menu in [F:\xampp\htdocs\gps\app\views\elements\footer.ctp, line 15]
2011-06-16 17:51:01 Debug: Notice (8): Undefined variable: menu in [F:\xampp\htdocs\gps\app\views\elements\footer.ctp, line 20]
2011-06-16 17:51:01 Debug: Notice (8): Undefined variable: menu in [F:\xampp\htdocs\gps\app\views\elements\footer.ctp, line 25]
2011-06-16 17:51:01 Debug: Notice (8): Undefined variable: menu in [F:\xampp\htdocs\gps\app\views\elements\main-nav.ctp, line 17]
2011-06-16 17:51:01 Debug: Notice (8): Undefined variable: menu in [F:\xampp\htdocs\gps\app\views\elements\main-nav.ctp, line 22]
2011-06-16 17:51:01 Debug: Notice (8): Undefined variable: menu in [F:\xampp\htdocs\gps\app\views\elements\main-nav.ctp, line 27]
2011-06-16 17:51:01 Debug: Notice (8): Undefined variable: menu in [F:\xampp\htdocs\gps\app\views\elements\main-nav.ctp, line 32]
2011-06-16 17:51:01 Debug: Notice (8): Undefined variable: menu in [F:\xampp\htdocs\gps\app\views\elements\footer.ctp, line 10]
2011-06-16 17:51:01 Debug: Notice (8): Undefined variable: menu in [F:\xampp\htdocs\gps\app\views\elements\footer.ctp, line 15]
2011-06-16 17:51:01 Debug: Notice (8): Undefined variable: menu in [F:\xampp\htdocs\gps\app\views\elements\footer.ctp, line 20]
2011-06-16 17:51:01 Debug: Notice (8): Undefined variable: menu in [F:\xampp\htdocs\gps\app\views\elements\footer.ctp, line 25]
2011-06-16 17:51:26 Debug: Notice (8): Undefined variable: menu in [F:\xampp\htdocs\gps\app\views\elements\main-nav.ctp, line 17]
2011-06-16 17:51:26 Debug: Notice (8): Undefined variable: menu in [F:\xampp\htdocs\gps\app\views\elements\main-nav.ctp, line 22]
2011-06-16 17:51:26 Debug: Notice (8): Undefined variable: menu in [F:\xampp\htdocs\gps\app\views\elements\main-nav.ctp, line 27]
2011-06-16 17:51:26 Debug: Notice (8): Undefined variable: menu in [F:\xampp\htdocs\gps\app\views\elements\main-nav.ctp, line 32]
2011-06-16 17:51:26 Debug: Notice (8): Undefined variable: menu in [F:\xampp\htdocs\gps\app\views\elements\footer.ctp, line 10]
2011-06-16 17:51:26 Debug: Notice (8): Undefined variable: menu in [F:\xampp\htdocs\gps\app\views\elements\footer.ctp, line 15]
2011-06-16 17:51:26 Debug: Notice (8): Undefined variable: menu in [F:\xampp\htdocs\gps\app\views\elements\footer.ctp, line 20]
2011-06-16 17:51:26 Debug: Notice (8): Undefined variable: menu in [F:\xampp\htdocs\gps\app\views\elements\footer.ctp, line 25]
2011-06-16 17:51:27 Debug: Notice (8): Undefined variable: menu in [F:\xampp\htdocs\gps\app\views\elements\main-nav.ctp, line 17]
2011-06-16 17:51:27 Debug: Notice (8): Undefined variable: menu in [F:\xampp\htdocs\gps\app\views\elements\main-nav.ctp, line 22]
2011-06-16 17:51:27 Debug: Notice (8): Undefined variable: menu in [F:\xampp\htdocs\gps\app\views\elements\main-nav.ctp, line 27]
2011-06-16 17:51:27 Debug: Notice (8): Undefined variable: menu in [F:\xampp\htdocs\gps\app\views\elements\main-nav.ctp, line 32]
2011-06-16 17:51:28 Debug: Notice (8): Undefined variable: menu in [F:\xampp\htdocs\gps\app\views\elements\main-nav.ctp, line 17]
2011-06-16 17:51:28 Debug: Notice (8): Undefined variable: menu in [F:\xampp\htdocs\gps\app\views\elements\main-nav.ctp, line 22]
2011-06-16 17:51:28 Debug: Notice (8): Undefined variable: menu in [F:\xampp\htdocs\gps\app\views\elements\main-nav.ctp, line 27]
2011-06-16 17:51:28 Debug: Notice (8): Undefined variable: menu in [F:\xampp\htdocs\gps\app\views\elements\main-nav.ctp, line 32]
2011-06-16 17:51:28 Debug: Notice (8): Undefined variable: menu in [F:\xampp\htdocs\gps\app\views\elements\footer.ctp, line 10]
2011-06-16 17:51:28 Debug: Notice (8): Undefined variable: menu in [F:\xampp\htdocs\gps\app\views\elements\footer.ctp, line 15]
2011-06-16 17:51:28 Debug: Notice (8): Undefined variable: menu in [F:\xampp\htdocs\gps\app\views\elements\footer.ctp, line 20]
2011-06-16 17:51:28 Debug: Notice (8): Undefined variable: menu in [F:\xampp\htdocs\gps\app\views\elements\footer.ctp, line 25]
2011-06-16 17:51:28 Debug: Notice (8): Undefined variable: menu in [F:\xampp\htdocs\gps\app\views\elements\main-nav.ctp, line 17]
2011-06-16 17:51:28 Debug: Notice (8): Undefined variable: menu in [F:\xampp\htdocs\gps\app\views\elements\main-nav.ctp, line 22]
2011-06-16 17:51:28 Debug: Notice (8): Undefined variable: menu in [F:\xampp\htdocs\gps\app\views\elements\main-nav.ctp, line 27]
2011-06-16 17:51:28 Debug: Notice (8): Undefined variable: menu in [F:\xampp\htdocs\gps\app\views\elements\main-nav.ctp, line 32]
2011-06-16 17:51:48 Debug: Notice (8): Undefined variable: menu in [F:\xampp\htdocs\gps\app\views\elements\header.ctp, line 2]
2011-06-16 17:51:48 Debug: Notice (8): Undefined variable: menu in [F:\xampp\htdocs\gps\app\views\elements\footer.ctp, line 10]
2011-06-16 17:51:48 Debug: Notice (8): Undefined variable: menu in [F:\xampp\htdocs\gps\app\views\elements\footer.ctp, line 15]
2011-06-16 17:51:48 Debug: Notice (8): Undefined variable: menu in [F:\xampp\htdocs\gps\app\views\elements\footer.ctp, line 20]
2011-06-16 17:51:48 Debug: Notice (8): Undefined variable: menu in [F:\xampp\htdocs\gps\app\views\elements\footer.ctp, line 25]
2011-06-16 17:51:50 Debug: Notice (8): Undefined variable: menu in [F:\xampp\htdocs\gps\app\views\elements\header.ctp, line 2]
2011-06-16 17:51:50 Debug: Notice (8): Undefined variable: menu in [F:\xampp\htdocs\gps\app\views\elements\footer.ctp, line 10]
2011-06-16 17:51:50 Debug: Notice (8): Undefined variable: menu in [F:\xampp\htdocs\gps\app\views\elements\footer.ctp, line 15]
2011-06-16 17:51:50 Debug: Notice (8): Undefined variable: menu in [F:\xampp\htdocs\gps\app\views\elements\footer.ctp, line 20]
2011-06-16 17:51:50 Debug: Notice (8): Undefined variable: menu in [F:\xampp\htdocs\gps\app\views\elements\footer.ctp, line 25]
2011-06-16 17:52:13 Debug: Notice (8): Undefined variable: menu in [F:\xampp\htdocs\gps\app\views\elements\header.ctp, line 2]
2011-06-16 17:52:13 Debug: Notice (8): Undefined variable: menu in [F:\xampp\htdocs\gps\app\views\elements\header.ctp, line 3]
2011-06-16 17:52:13 Debug: Notice (8): Undefined variable: menu in [F:\xampp\htdocs\gps\app\views\elements\footer.ctp, line 10]
2011-06-16 17:52:13 Debug: Notice (8): Undefined variable: menu in [F:\xampp\htdocs\gps\app\views\elements\footer.ctp, line 15]
2011-06-16 17:52:13 Debug: Notice (8): Undefined variable: menu in [F:\xampp\htdocs\gps\app\views\elements\footer.ctp, line 20]
2011-06-16 17:52:13 Debug: Notice (8): Undefined variable: menu in [F:\xampp\htdocs\gps\app\views\elements\footer.ctp, line 25]
2011-06-16 17:52:15 Debug: Notice (8): Undefined variable: menu in [F:\xampp\htdocs\gps\app\views\elements\header.ctp, line 2]
2011-06-16 17:52:15 Debug: Notice (8): Undefined variable: menu in [F:\xampp\htdocs\gps\app\views\elements\header.ctp, line 3]
2011-06-16 17:52:15 Debug: Notice (8): Undefined variable: menu in [F:\xampp\htdocs\gps\app\views\elements\footer.ctp, line 10]
2011-06-16 17:52:15 Debug: Notice (8): Undefined variable: menu in [F:\xampp\htdocs\gps\app\views\elements\footer.ctp, line 15]
2011-06-16 17:52:15 Debug: Notice (8): Undefined variable: menu in [F:\xampp\htdocs\gps\app\views\elements\footer.ctp, line 20]
2011-06-16 17:52:15 Debug: Notice (8): Undefined variable: menu in [F:\xampp\htdocs\gps\app\views\elements\footer.ctp, line 25]
2011-06-16 17:52:16 Debug: Notice (8): Undefined variable: menu in [F:\xampp\htdocs\gps\app\views\elements\header.ctp, line 2]
2011-06-16 17:52:16 Debug: Notice (8): Undefined variable: menu in [F:\xampp\htdocs\gps\app\views\elements\header.ctp, line 3]
2011-06-16 17:52:16 Debug: Notice (8): Undefined variable: menu in [F:\xampp\htdocs\gps\app\views\elements\footer.ctp, line 10]
2011-06-16 17:52:16 Debug: Notice (8): Undefined variable: menu in [F:\xampp\htdocs\gps\app\views\elements\footer.ctp, line 15]
2011-06-16 17:52:16 Debug: Notice (8): Undefined variable: menu in [F:\xampp\htdocs\gps\app\views\elements\footer.ctp, line 20]
2011-06-16 17:52:16 Debug: Notice (8): Undefined variable: menu in [F:\xampp\htdocs\gps\app\views\elements\footer.ctp, line 25]
2011-06-16 17:52:17 Debug: Notice (8): Undefined variable: menu in [F:\xampp\htdocs\gps\app\views\elements\header.ctp, line 2]
2011-06-16 17:52:17 Debug: Notice (8): Undefined variable: menu in [F:\xampp\htdocs\gps\app\views\elements\header.ctp, line 3]
2011-06-16 17:52:17 Debug: Notice (8): Undefined variable: menu in [F:\xampp\htdocs\gps\app\views\elements\footer.ctp, line 10]
2011-06-16 17:52:17 Debug: Notice (8): Undefined variable: menu in [F:\xampp\htdocs\gps\app\views\elements\footer.ctp, line 15]
2011-06-16 17:52:17 Debug: Notice (8): Undefined variable: menu in [F:\xampp\htdocs\gps\app\views\elements\footer.ctp, line 20]
2011-06-16 17:52:17 Debug: Notice (8): Undefined variable: menu in [F:\xampp\htdocs\gps\app\views\elements\footer.ctp, line 25]
2011-06-16 17:52:17 Debug: Notice (8): Undefined variable: menu in [F:\xampp\htdocs\gps\app\views\elements\header.ctp, line 2]
2011-06-16 17:52:17 Debug: Notice (8): Undefined variable: menu in [F:\xampp\htdocs\gps\app\views\elements\header.ctp, line 3]
2011-06-16 17:52:17 Debug: Notice (8): Undefined variable: menu in [F:\xampp\htdocs\gps\app\views\elements\footer.ctp, line 10]
2011-06-16 17:52:17 Debug: Notice (8): Undefined variable: menu in [F:\xampp\htdocs\gps\app\views\elements\footer.ctp, line 15]
2011-06-16 17:52:17 Debug: Notice (8): Undefined variable: menu in [F:\xampp\htdocs\gps\app\views\elements\footer.ctp, line 20]
2011-06-16 17:52:17 Debug: Notice (8): Undefined variable: menu in [F:\xampp\htdocs\gps\app\views\elements\footer.ctp, line 25]
2011-06-16 17:52:17 Debug: Notice (8): Undefined variable: menu in [F:\xampp\htdocs\gps\app\views\elements\header.ctp, line 2]
2011-06-16 17:52:17 Debug: Notice (8): Undefined variable: menu in [F:\xampp\htdocs\gps\app\views\elements\header.ctp, line 3]
2011-06-16 17:52:17 Debug: Notice (8): Undefined variable: menu in [F:\xampp\htdocs\gps\app\views\elements\footer.ctp, line 10]
2011-06-16 17:52:17 Debug: Notice (8): Undefined variable: menu in [F:\xampp\htdocs\gps\app\views\elements\footer.ctp, line 15]
2011-06-16 17:52:17 Debug: Notice (8): Undefined variable: menu in [F:\xampp\htdocs\gps\app\views\elements\footer.ctp, line 20]
2011-06-16 17:52:17 Debug: Notice (8): Undefined variable: menu in [F:\xampp\htdocs\gps\app\views\elements\footer.ctp, line 25]
2011-06-16 17:52:35 Debug: Notice (8): Undefined variable: menu in [F:\xampp\htdocs\gps\app\views\elements\header.ctp, line 2]
2011-06-16 17:52:35 Debug: Notice (8): Undefined variable: menu in [F:\xampp\htdocs\gps\app\views\elements\footer.ctp, line 10]
2011-06-16 17:52:35 Debug: Notice (8): Undefined variable: menu in [F:\xampp\htdocs\gps\app\views\elements\footer.ctp, line 15]
2011-06-16 17:52:35 Debug: Notice (8): Undefined variable: menu in [F:\xampp\htdocs\gps\app\views\elements\footer.ctp, line 20]
2011-06-16 17:52:35 Debug: Notice (8): Undefined variable: menu in [F:\xampp\htdocs\gps\app\views\elements\footer.ctp, line 25]
2011-06-16 17:52:50 Debug: Notice (8): Undefined variable: menu in [F:\xampp\htdocs\gps\app\views\elements\header.ctp, line 3]
2011-06-16 17:52:50 Debug: Notice (8): Undefined variable: menu in [F:\xampp\htdocs\gps\app\views\elements\footer.ctp, line 10]
2011-06-16 17:52:50 Debug: Notice (8): Undefined variable: menu in [F:\xampp\htdocs\gps\app\views\elements\footer.ctp, line 15]
2011-06-16 17:52:50 Debug: Notice (8): Undefined variable: menu in [F:\xampp\htdocs\gps\app\views\elements\footer.ctp, line 20]
2011-06-16 17:52:50 Debug: Notice (8): Undefined variable: menu in [F:\xampp\htdocs\gps\app\views\elements\footer.ctp, line 25]
2011-06-16 17:52:52 Debug: Notice (8): Undefined variable: menu in [F:\xampp\htdocs\gps\app\views\elements\header.ctp, line 3]
2011-06-16 17:52:52 Debug: Notice (8): Undefined variable: menu in [F:\xampp\htdocs\gps\app\views\elements\footer.ctp, line 10]
2011-06-16 17:52:52 Debug: Notice (8): Undefined variable: menu in [F:\xampp\htdocs\gps\app\views\elements\footer.ctp, line 15]
2011-06-16 17:52:52 Debug: Notice (8): Undefined variable: menu in [F:\xampp\htdocs\gps\app\views\elements\footer.ctp, line 20]
2011-06-16 17:52:52 Debug: Notice (8): Undefined variable: menu in [F:\xampp\htdocs\gps\app\views\elements\footer.ctp, line 25]
2011-06-16 17:52:53 Debug: Notice (8): Undefined variable: menu in [F:\xampp\htdocs\gps\app\views\elements\header.ctp, line 3]
2011-06-16 17:52:53 Debug: Notice (8): Undefined variable: menu in [F:\xampp\htdocs\gps\app\views\elements\footer.ctp, line 10]
2011-06-16 17:52:53 Debug: Notice (8): Undefined variable: menu in [F:\xampp\htdocs\gps\app\views\elements\footer.ctp, line 15]
2011-06-16 17:52:53 Debug: Notice (8): Undefined variable: menu in [F:\xampp\htdocs\gps\app\views\elements\footer.ctp, line 20]
2011-06-16 17:52:53 Debug: Notice (8): Undefined variable: menu in [F:\xampp\htdocs\gps\app\views\elements\footer.ctp, line 25]
2011-06-16 17:52:54 Debug: Notice (8): Undefined variable: menu in [F:\xampp\htdocs\gps\app\views\elements\header.ctp, line 3]
2011-06-16 17:52:54 Debug: Notice (8): Undefined variable: menu in [F:\xampp\htdocs\gps\app\views\elements\footer.ctp, line 10]
2011-06-16 17:52:54 Debug: Notice (8): Undefined variable: menu in [F:\xampp\htdocs\gps\app\views\elements\footer.ctp, line 15]
2011-06-16 17:52:54 Debug: Notice (8): Undefined variable: menu in [F:\xampp\htdocs\gps\app\views\elements\footer.ctp, line 20]
2011-06-16 17:52:54 Debug: Notice (8): Undefined variable: menu in [F:\xampp\htdocs\gps\app\views\elements\footer.ctp, line 25]
2011-06-16 17:52:55 Debug: Notice (8): Undefined variable: menu in [F:\xampp\htdocs\gps\app\views\elements\header.ctp, line 3]
2011-06-16 17:52:55 Debug: Notice (8): Undefined variable: menu in [F:\xampp\htdocs\gps\app\views\elements\footer.ctp, line 10]
2011-06-16 17:52:55 Debug: Notice (8): Undefined variable: menu in [F:\xampp\htdocs\gps\app\views\elements\footer.ctp, line 15]
2011-06-16 17:52:55 Debug: Notice (8): Undefined variable: menu in [F:\xampp\htdocs\gps\app\views\elements\footer.ctp, line 20]
2011-06-16 17:52:55 Debug: Notice (8): Undefined variable: menu in [F:\xampp\htdocs\gps\app\views\elements\footer.ctp, line 25]
2011-06-16 17:53:30 Debug: Notice (8): Undefined variable: menu in [F:\xampp\htdocs\gps\app\views\layouts\home.ctp, line 41]
2011-06-16 17:53:30 Debug: Notice (8): Undefined variable: menu in [F:\xampp\htdocs\gps\app\views\layouts\home.ctp, line 48]
2011-06-16 17:53:31 Debug: Notice (8): Undefined variable: menu in [F:\xampp\htdocs\gps\app\views\layouts\home.ctp, line 41]
2011-06-16 17:53:31 Debug: Notice (8): Undefined variable: menu in [F:\xampp\htdocs\gps\app\views\layouts\home.ctp, line 48]
2011-06-16 17:53:56 Debug: Notice (8): Undefined variable: menu in [F:\xampp\htdocs\gps\app\controllers\pages_controller.php, line 13]
2011-06-16 17:53:58 Debug: Notice (8): Undefined variable: menu in [F:\xampp\htdocs\gps\app\controllers\pages_controller.php, line 13]
2011-06-16 17:53:59 Debug: Notice (8): Undefined variable: menu in [F:\xampp\htdocs\gps\app\controllers\pages_controller.php, line 13]
2011-06-16 17:54:12 Debug: Notice (8): Undefined variable: menu in [F:\xampp\htdocs\gps\app\controllers\pages_controller.php, line 13]
2011-06-16 17:54:13 Debug: Notice (8): Undefined variable: menu in [F:\xampp\htdocs\gps\app\controllers\pages_controller.php, line 13]
2011-06-16 17:54:15 Debug: Notice (8): Undefined variable: menu in [F:\xampp\htdocs\gps\app\controllers\pages_controller.php, line 13]
2011-06-16 17:54:16 Debug: Notice (8): Undefined variable: menu in [F:\xampp\htdocs\gps\app\controllers\pages_controller.php, line 13]
2011-06-16 17:54:17 Debug: Notice (8): Undefined variable: menu in [F:\xampp\htdocs\gps\app\controllers\pages_controller.php, line 13]
2011-06-16 17:54:18 Debug: Notice (8): Undefined variable: menu in [F:\xampp\htdocs\gps\app\controllers\pages_controller.php, line 13]
2011-06-16 17:54:20 Debug: Notice (8): Undefined variable: menu in [F:\xampp\htdocs\gps\app\controllers\pages_controller.php, line 13]
2011-06-16 17:54:21 Debug: Notice (8): Undefined variable: menu in [F:\xampp\htdocs\gps\app\controllers\pages_controller.php, line 13]
2011-06-16 17:54:23 Debug: Notice (8): Undefined variable: menu in [F:\xampp\htdocs\gps\app\controllers\pages_controller.php, line 13]
2011-06-16 17:56:33 Debug: Notice (8): Undefined variable: menu in [F:\xampp\htdocs\gps\app\controllers\pages_controller.php, line 13]
2011-06-16 17:56:35 Debug: Notice (8): Undefined variable: menu in [F:\xampp\htdocs\gps\app\controllers\pages_controller.php, line 13]
2011-06-16 17:56:37 Debug: Notice (8): Undefined variable: menu in [F:\xampp\htdocs\gps\app\controllers\pages_controller.php, line 13]
2011-06-16 18:00:40 Debug: Notice (8): Undefined variable: menu in [F:\xampp\htdocs\gps\app\controllers\pages_controller.php, line 13]
2011-06-16 18:00:41 Debug: Notice (8): Undefined variable: menu in [F:\xampp\htdocs\gps\app\controllers\pages_controller.php, line 13]
2011-06-16 18:00:42 Debug: Notice (8): Undefined variable: menu in [F:\xampp\htdocs\gps\app\controllers\pages_controller.php, line 13]
2011-06-16 18:00:44 Debug: Notice (8): Undefined variable: menu in [F:\xampp\htdocs\gps\app\controllers\pages_controller.php, line 13]
2011-06-16 18:01:15 Debug: Notice (8): Undefined variable: menu in [F:\xampp\htdocs\gps\app\controllers\pages_controller.php, line 13]
2011-06-16 18:01:17 Debug: Notice (8): Undefined variable: menu in [F:\xampp\htdocs\gps\app\controllers\pages_controller.php, line 13]
2011-06-16 18:01:18 Debug: Notice (8): Undefined variable: menu in [F:\xampp\htdocs\gps\app\controllers\pages_controller.php, line 13]
2011-06-16 18:01:19 Debug: Notice (8): Undefined variable: menu in [F:\xampp\htdocs\gps\app\controllers\pages_controller.php, line 13]
2011-06-16 18:01:21 Debug: Notice (8): Undefined variable: menu in [F:\xampp\htdocs\gps\app\controllers\pages_controller.php, line 13]
2011-06-16 18:01:22 Debug: Notice (8): Undefined variable: menu in [F:\xampp\htdocs\gps\app\controllers\pages_controller.php, line 13]
2011-06-16 18:01:23 Debug: Notice (8): Undefined variable: menu in [F:\xampp\htdocs\gps\app\controllers\pages_controller.php, line 13]
2011-06-16 18:01:24 Debug: Notice (8): Undefined variable: menu in [F:\xampp\htdocs\gps\app\controllers\pages_controller.php, line 13]
2011-06-16 18:03:48 Debug: Notice (8): Undefined variable: menu in [F:\xampp\htdocs\gps\app\controllers\pages_controller.php, line 13]
2011-06-16 18:04:28 Debug: Notice (8): Undefined variable: menu in [F:\xampp\htdocs\gps\app\controllers\pages_controller.php, line 13]
2011-06-16 18:04:31 Debug: Notice (8): Undefined variable: menu in [F:\xampp\htdocs\gps\app\controllers\pages_controller.php, line 13]
2011-06-16 18:15:57 Debug: Notice (8): Undefined variable: menu in [F:\xampp\htdocs\gps\app\controllers\pages_controller.php, line 13]
2011-06-16 18:15:58 Debug: Notice (8): Undefined variable: menu in [F:\xampp\htdocs\gps\app\controllers\pages_controller.php, line 13]
2011-06-16 18:16:00 Debug: Notice (8): Undefined variable: menu in [F:\xampp\htdocs\gps\app\controllers\pages_controller.php, line 13]
2011-06-16 18:19:28 Debug: Notice (8): Undefined variable: menu in [F:\xampp\htdocs\gps\app\controllers\pages_controller.php, line 13]
2011-06-16 18:19:30 Debug: Notice (8): Undefined variable: menu in [F:\xampp\htdocs\gps\app\controllers\pages_controller.php, line 13]
2011-06-16 21:42:44 Debug: Notice (8): Undefined variable: menu in [F:\xampp\htdocs\gps\app\controllers\pages_controller.php, line 13]
2011-06-16 22:06:46 Debug: Notice (8): Undefined variable: menu in [F:\xampp\htdocs\gps\app\controllers\pages_controller.php, line 13]
2011-06-16 22:06:48 Debug: Notice (8): Undefined variable: menu in [F:\xampp\htdocs\gps\app\controllers\pages_controller.php, line 13]
2011-06-17 00:53:02 Debug: Notice (8): Undefined variable: WWW_ROOT in [F:\xampp\htdocs\gps\app\controllers\images_controller.php, line 128]
2011-06-17 01:03:32 Debug: Notice (8): Undefined variable: menu in [F:\xampp\htdocs\gps\app\controllers\pages_controller.php, line 13]
2011-06-17 01:03:37 Debug: Notice (8): Undefined variable: menu in [F:\xampp\htdocs\gps\app\controllers\pages_controller.php, line 13]
2011-06-17 01:04:20 Debug: Notice (8): Undefined variable: menu in [F:\xampp\htdocs\gps\app\controllers\pages_controller.php, line 13]
2011-06-17 01:04:25 Debug: Notice (8): Undefined variable: menu in [F:\xampp\htdocs\gps\app\controllers\pages_controller.php, line 13]
2011-06-18 00:29:51 Debug: Notice (8): Undefined variable: menu in [C:\xampp\htdocs\gps\app\controllers\pages_controller.php, line 13]
2011-06-18 00:30:48 Debug: Notice (8): Undefined variable: menu in [C:\xampp\htdocs\gps\app\controllers\pages_controller.php, line 13]
2011-06-18 00:30:55 Debug: Notice (8): Undefined variable: menu in [C:\xampp\htdocs\gps\app\controllers\pages_controller.php, line 13]
2011-06-18 00:31:17 Debug: Notice (8): Undefined variable: menu in [C:\xampp\htdocs\gps\app\controllers\pages_controller.php, line 13]
2011-06-18 00:31:22 Debug: Notice (8): Undefined variable: menu in [C:\xampp\htdocs\gps\app\controllers\pages_controller.php, line 13]
2011-06-18 16:32:40 Debug: Notice (8): Undefined variable: menu in [C:\xampp\htdocs\gps\app\controllers\pages_controller.php, line 13]
2011-06-18 16:32:46 Debug: Notice (8): Undefined variable: menu in [C:\xampp\htdocs\gps\app\controllers\pages_controller.php, line 13]
2011-06-20 20:52:48 Debug: Notice (8): Undefined variable: menu in [C:\xampp\htdocs\gps\app\controllers\pages_controller.php, line 13]
2011-07-07 23:44:26 Debug: Notice (8): Undefined index: conozcanos in [F:\jucedogi\xampp\htdocs\gps\app\views\elements\main-nav.ctp, line 19]
2011-07-07 23:44:26 Debug: Notice (8): Undefined index: ventajas in [F:\jucedogi\xampp\htdocs\gps\app\views\elements\main-nav.ctp, line 24]
2011-07-07 23:44:26 Debug: Notice (8): Undefined index: portafolio in [F:\jucedogi\xampp\htdocs\gps\app\views\elements\main-nav.ctp, line 29]
2011-07-07 23:44:26 Debug: Notice (8): Undefined index: contacto in [F:\jucedogi\xampp\htdocs\gps\app\views\elements\main-nav.ctp, line 34]
2011-07-07 23:44:26 Debug: Notice (8): Undefined index: conozcanos in [F:\jucedogi\xampp\htdocs\gps\app\views\elements\footer.ctp, line 12]
2011-07-07 23:44:26 Debug: Notice (8): Undefined index: ventajas in [F:\jucedogi\xampp\htdocs\gps\app\views\elements\footer.ctp, line 17]
2011-07-07 23:44:26 Debug: Notice (8): Undefined index: portafolio in [F:\jucedogi\xampp\htdocs\gps\app\views\elements\footer.ctp, line 22]
2011-07-07 23:44:26 Debug: Notice (8): Undefined index: conozcanos in [F:\jucedogi\xampp\htdocs\gps\app\views\elements\footer.ctp, line 27]
2011-07-07 23:48:38 Debug: Notice (8): Undefined index: conozcanos in [F:\jucedogi\xampp\htdocs\gps\app\views\elements\main-nav.ctp, line 19]
2011-07-07 23:48:38 Debug: Notice (8): Undefined index: ventajas in [F:\jucedogi\xampp\htdocs\gps\app\views\elements\main-nav.ctp, line 24]
2011-07-07 23:48:38 Debug: Notice (8): Undefined index: portafolio in [F:\jucedogi\xampp\htdocs\gps\app\views\elements\main-nav.ctp, line 29]
2011-07-07 23:48:38 Debug: Notice (8): Undefined index: contacto in [F:\jucedogi\xampp\htdocs\gps\app\views\elements\main-nav.ctp, line 34]
2011-07-07 23:48:38 Debug: Notice (8): Undefined index: conozcanos in [F:\jucedogi\xampp\htdocs\gps\app\views\elements\footer.ctp, line 12]
2011-07-07 23:48:38 Debug: Notice (8): Undefined index: ventajas in [F:\jucedogi\xampp\htdocs\gps\app\views\elements\footer.ctp, line 17]
2011-07-07 23:48:38 Debug: Notice (8): Undefined index: portafolio in [F:\jucedogi\xampp\htdocs\gps\app\views\elements\footer.ctp, line 22]
2011-07-07 23:48:38 Debug: Notice (8): Undefined index: conozcanos in [F:\jucedogi\xampp\htdocs\gps\app\views\elements\footer.ctp, line 27]
2011-07-07 23:49:24 Debug: Notice (8): Undefined index: conozcanos in [F:\jucedogi\xampp\htdocs\gps\app\views\elements\main-nav.ctp, line 19]
2011-07-07 23:49:24 Debug: Notice (8): Undefined index: ventajas in [F:\jucedogi\xampp\htdocs\gps\app\views\elements\main-nav.ctp, line 24]
2011-07-07 23:49:24 Debug: Notice (8): Undefined index: portafolio in [F:\jucedogi\xampp\htdocs\gps\app\views\elements\main-nav.ctp, line 29]
2011-07-07 23:49:24 Debug: Notice (8): Undefined index: contacto in [F:\jucedogi\xampp\htdocs\gps\app\views\elements\main-nav.ctp, line 34]
2011-07-07 23:49:24 Debug: Notice (8): Undefined index: conozcanos in [F:\jucedogi\xampp\htdocs\gps\app\views\elements\footer.ctp, line 12]
2011-07-07 23:49:24 Debug: Notice (8): Undefined index: ventajas in [F:\jucedogi\xampp\htdocs\gps\app\views\elements\footer.ctp, line 17]
2011-07-07 23:49:24 Debug: Notice (8): Undefined index: portafolio in [F:\jucedogi\xampp\htdocs\gps\app\views\elements\footer.ctp, line 22]
2011-07-07 23:49:24 Debug: Notice (8): Undefined index: conozcanos in [F:\jucedogi\xampp\htdocs\gps\app\views\elements\footer.ctp, line 27]
2011-07-07 23:50:55 Debug: Notice (8): Undefined index: conozcanos in [F:\jucedogi\xampp\htdocs\gps\app\views\elements\main-nav.ctp, line 19]
2011-07-07 23:50:55 Debug: Notice (8): Undefined index: ventajas in [F:\jucedogi\xampp\htdocs\gps\app\views\elements\main-nav.ctp, line 24]
2011-07-07 23:50:55 Debug: Notice (8): Undefined index: portafolio in [F:\jucedogi\xampp\htdocs\gps\app\views\elements\main-nav.ctp, line 29]
2011-07-07 23:50:55 Debug: Notice (8): Undefined index: contacto in [F:\jucedogi\xampp\htdocs\gps\app\views\elements\main-nav.ctp, line 34]
2011-07-07 23:50:55 Debug: Notice (8): Undefined index: conozcanos in [F:\jucedogi\xampp\htdocs\gps\app\views\elements\footer.ctp, line 12]
2011-07-07 23:50:55 Debug: Notice (8): Undefined index: ventajas in [F:\jucedogi\xampp\htdocs\gps\app\views\elements\footer.ctp, line 17]
2011-07-07 23:50:55 Debug: Notice (8): Undefined index: portafolio in [F:\jucedogi\xampp\htdocs\gps\app\views\elements\footer.ctp, line 22]
2011-07-07 23:50:55 Debug: Notice (8): Undefined index: conozcanos in [F:\jucedogi\xampp\htdocs\gps\app\views\elements\footer.ctp, line 27]
